<?xml version="1.0" encoding="UTF-8"?>
<testsuite xmlns:xsi="http://www.w3.org/2001/XMLSchema-instance" xsi:noNamespaceSchemaLocation="https://maven.apache.org/surefire/maven-surefire-plugin/xsd/surefire-test-report.xsd" name="com.epam.rd.autotasks.suffixing.AppTest" time="0.365" tests="13" errors="0" skipped="0" failures="0">
  <properties>
[...]
</properties>
  <testcase name="testThreeFilesMiddleAbsent" classname="com.epam.rd.autotasks.suffixing.AppTest" time="0.068"/>
  <testcase name="testThreeFiles" classname="com.epam.rd.autotasks.suffixing.AppTest" time="0.017"/>
  <testcase name="testEmptyFiles" classname="com.epam.rd.autotasks.suffixing.AppTest" time="0.003"/>
  <testcase name="testTwoFiles" classname="com.epam.rd.autotasks.suffixing.AppTest" time="0.014"/>
  <testcase name="testBadMode1" classname="com.epam.rd.autotasks.suffixing.AppTest" time="0.003"/>
  <testcase name="testBadMode2" classname="com.epam.rd.autotasks.suffixing.AppTest" time="0.004"/>
  <testcase name="testCopy" classname="com.epam.rd.autotasks.suffixing.AppTest" time="0.009"/>
  <testcase name="testMove" classname="com.epam.rd.autotasks.suffixing.AppTest" time="0.007"/>
  <testcase name="testMixcaseMode" classname="com.epam.rd.autotasks.suffixing.AppTest" time="0.005"/>
  <testcase name="testLowercaseMode" classname="com.epam.rd.autotasks.suffixing.AppTest" time="0.008"/>
  <testcase name="testNoSuffixMove" classname="com.epam.rd.autotasks.suffixing.AppTest" time="0.004"/>
  <testcase name="testNoFiles" classname="com.epam.rd.autotasks.suffixing.AppTest" time="0.005"/>
  <testcase name="testAbsentFile" classname="com.epam.rd.autotasks.suffixing.AppTest" time="0.005"/>
</testsuite>